<?xml version="1.0" encoding="UTF-8"?>
<testsuite xmlns:xsi="http://www.w3.org/2001/XMLSchema-instance" xsi:noNamespaceSchemaLocation="https://maven.apache.org/surefire/maven-surefire-plugin/xsd/surefire-test-report.xsd" name="com.example.demo.runner.TestRunner" time="7.151" tests="3" errors="0" skipped="0" failures="0">
  <properties>
[...]
</properties>
  <testcase name="Verify if Add Place is being successfully added using AddPlaceAPI" classname="Validating place API&apos;s" time="5.063"/>
  <testcase name="Verify if Update Place is being successfully added using UpdatePlaceAPI" classname="Validating place API&apos;s" time="0.44"/>
  <testcase name="Verify if Get Place is being successfully added using GetPlaceAPI" classname="Validating place API&apos;s" time="0.397"/>
</testsuite>